<?xml version="1.0" encoding="UTF-8"?>
<!-- Generated by org.testng.reporters.JUnitReportReporter -->
<testsuite skipped="0" hostname="DESKTOP-LLU4750" name="loginTests.UdemyLogin" tests="1" failures="0" timestamp="27 Sep 2021 06:42:15 GMT" time="4.858" errors="0">
  <testcase name="doLogin" time="4.858" classname="loginTests.UdemyLogin"/>
</testsuite> <!-- loginTests.UdemyLogin -->
