<?xml version="1.0" encoding="UTF-8"?>
<!-- Generated by org.testng.reporters.JUnitReportReporter -->
<testsuite skipped="0" hostname="DESKTOP-LLU4750" name="loginTests.ComparisionTC" tests="1" failures="0" timestamp="24 Sep 2021 09:35:31 GMT" time="0.022" errors="0">
  <testcase name="checkingComparision" time="0.022" classname="loginTests.ComparisionTC"/>
</testsuite> <!-- loginTests.ComparisionTC -->
